build/app/outputs/mapping/release/mapping.txt
# compiler: R8
# compiler_version: 1.5.64
# min_api: 16
# pg_map_id: 09fa044
...
io.flutter.embedding.engine.systemchannels.TextInputChannel$TextInputMethodHandler -> io.flutter.embedding.engine.e.j$f:
    void hide() -> a
    void setClient(int,io.flutter.embedding.engine.systemchannels.TextInputChannel$Configuration) -> a
    void setEditingState(io.flutter.embedding.engine.systemchannels.TextInputChannel$TextEditState) -> a
    void setPlatformViewClient(int) -> a
    void clearClient() -> b
    void show() -> c
io.flutter.embedding.engine.systemchannels.TextInputChannel$TextInputType -> io.flutter.embedding.engine.e.j$g:
    io.flutter.embedding.engine.systemchannels.TextInputChannel$TextInputType DATETIME -> c
    io.flutter.embedding.engine.systemchannels.TextInputChannel$TextInputType TEXT -> b
    io.flutter.embedding.engine.systemchannels.TextInputChannel$TextInputType PHONE -> e
    io.flutter.embedding.engine.systemchannels.TextInputChannel$TextInputType NUMBER -> d
    java.lang.String encodedName -> a
    io.flutter.embedding.engine.systemchannels.TextInputChannel$TextInputType EMAIL_ADDRESS -> g
    io.flutter.embedding.engine.systemchannels.TextInputChannel$TextInputType MULTILINE -> f
    io.flutter.embedding.engine.systemchannels.TextInputChannel$TextInputType VISIBLE_PASSWORD -> i
    io.flutter.embedding.engine.systemchannels.TextInputChannel$TextInputType URL -> h
    io.flutter.embedding.engine.systemchannels.TextInputChannel$TextInputType[] $VALUES -> j
    io.flutter.embedding.engine.systemchannels.TextInputChannel$TextInputType fromValue(java.lang.String) -> a
io.flutter.plugin.common.ActivityLifecycleListener -> a.a.c.a.a:
io.flutter.plugin.common.BasicMessageChannel -> a.a.c.a.b:
    io.flutter.plugin.common.MessageCodec codec -> c
    io.flutter.plugin.common.BinaryMessenger messenger -> a
    java.lang.String name -> b
    io.flutter.plugin.common.MessageCodec access$200(io.flutter.plugin.common.BasicMessageChannel) -> a
    void send(java.lang.Object) -> a
    void send(java.lang.Object,io.flutter.plugin.common.BasicMessageChannel$Reply) -> a
    void setMessageHandler(io.flutter.plugin.common.BasicMessageChannel$MessageHandler) -> a
    java.lang.String access$300(io.flutter.plugin.common.BasicMessageChannel) -> b
io.flutter.plugin.common.BasicMessageChannel$1 -> a.a.c.a.b$a:
io.flutter.plugin.common.BasicMessageChannel$IncomingMessageHandler -> a.a.c.a.b$b:
    io.flutter.plugin.common.BasicMessageChannel$MessageHandler handler -> a
    io.flutter.plugin.common.BasicMessageChannel this$0 -> b
    void onMessage(java.nio.ByteBuffer,io.flutter.plugin.common.BinaryMessenger$BinaryReply) -> a
io.flutter.plugin.common.BasicMessageChannel$IncomingMessageHandler$1 -> a.a.c.a.b$b$a:
    io.flutter.plugin.common.BinaryMessenger$BinaryReply val$callback -> a
    io.flutter.plugin.common.BasicMessageChannel$IncomingMessageHandler this$1 -> b
    void reply(java.lang.Object) -> a
io.flutter.plugin.common.BasicMessageChannel$IncomingReplyHandler -> a.a.c.a.b$c:
    io.flutter.plugin.common.BasicMessageChannel$Reply callback -> a
    io.flutter.plugin.common.BasicMessageChannel this$0 -> b
    void reply(java.nio.ByteBuffer) -> a
io.flutter.plugin.common.BasicMessageChannel$MessageHandler -> a.a.c.a.b$d:
    void onMessage(java.lang.Object,io.flutter.plugin.common.BasicMessageChannel$Reply) -> a
io.flutter.plugin.common.BasicMessageChannel$Reply -> a.a.c.a.b$e:
    void reply(java.lang.Object) -> a
io.flutter.plugin.common.BinaryMessenger -> a.a.c.a.c:
    void send(java.lang.String,java.nio.ByteBuffer,io.flutter.plugin.common.BinaryMessenger$BinaryReply) -> a
    void setMessageHandler(java.lang.String,io.flutter.plugin.common.BinaryMessenger$BinaryMessageHandler) -> a
io.flutter.plugin.common.BinaryMessenger$BinaryMessageHandler -> a.a.c.a.c$a:
    void onMessage(java.nio.ByteBuffer,io.flutter.plugin.common.BinaryMessenger$BinaryReply) -> a
io.flutter.plugin.common.BinaryMessenger$BinaryReply -> a.a.c.a.c$b:
    void reply(java.nio.ByteBuffer) -> a